ARM GAS  C:\Users\lenovo\AppData\Local\Temp\ccNx7zYX.s 			page 1


   1              		.cpu cortex-m3
   2              		.eabi_attribute 20, 1
   3              		.eabi_attribute 21, 1
   4              		.eabi_attribute 23, 3
   5              		.eabi_attribute 24, 1
   6              		.eabi_attribute 25, 1
   7              		.eabi_attribute 26, 1
   8              		.eabi_attribute 30, 1
   9              		.eabi_attribute 34, 1
  10              		.eabi_attribute 18, 4
  11              		.file	"gpio.c"
  12              		.text
  13              	.Ltext0:
  14              		.cfi_sections	.debug_frame
  15              		.section	.text.MX_GPIO_Init,"ax",%progbits
  16              		.align	1
  17              		.global	MX_GPIO_Init
  18              		.arch armv7-m
  19              		.syntax unified
  20              		.thumb
  21              		.thumb_func
  22              		.fpu softvfp
  24              	MX_GPIO_Init:
  25              	.LFB65:
  26              		.file 1 "Core/Src/gpio.c"
   1:Core/Src/gpio.c **** /**
   2:Core/Src/gpio.c ****   ******************************************************************************
   3:Core/Src/gpio.c ****   * @file    gpio.c
   4:Core/Src/gpio.c ****   * @brief   This file provides code for the configuration
   5:Core/Src/gpio.c ****   *          of all used GPIO pins.
   6:Core/Src/gpio.c ****   ******************************************************************************
   7:Core/Src/gpio.c ****   * @attention
   8:Core/Src/gpio.c ****   *
   9:Core/Src/gpio.c ****   * <h2><center>&copy; Copyright (c) 2023 STMicroelectronics.
  10:Core/Src/gpio.c ****   * All rights reserved.</center></h2>
  11:Core/Src/gpio.c ****   *
  12:Core/Src/gpio.c ****   * This software component is licensed by ST under BSD 3-Clause license,
  13:Core/Src/gpio.c ****   * the "License"; You may not use this file except in compliance with the
  14:Core/Src/gpio.c ****   * License. You may obtain a copy of the License at:
  15:Core/Src/gpio.c ****   *                        opensource.org/licenses/BSD-3-Clause
  16:Core/Src/gpio.c ****   *
  17:Core/Src/gpio.c ****   ******************************************************************************
  18:Core/Src/gpio.c ****   */
  19:Core/Src/gpio.c **** 
  20:Core/Src/gpio.c **** /* Includes ------------------------------------------------------------------*/
  21:Core/Src/gpio.c **** #include "gpio.h"
  22:Core/Src/gpio.c **** 
  23:Core/Src/gpio.c **** /* USER CODE BEGIN 0 */
  24:Core/Src/gpio.c **** 
  25:Core/Src/gpio.c **** /* USER CODE END 0 */
  26:Core/Src/gpio.c **** 
  27:Core/Src/gpio.c **** /*----------------------------------------------------------------------------*/
  28:Core/Src/gpio.c **** /* Configure GPIO                                                             */
  29:Core/Src/gpio.c **** /*----------------------------------------------------------------------------*/
  30:Core/Src/gpio.c **** /* USER CODE BEGIN 1 */
  31:Core/Src/gpio.c **** 
  32:Core/Src/gpio.c **** /* USER CODE END 1 */
ARM GAS  C:\Users\lenovo\AppData\Local\Temp\ccNx7zYX.s 			page 2


  33:Core/Src/gpio.c **** 
  34:Core/Src/gpio.c **** /** Configure pins as
  35:Core/Src/gpio.c ****         * Analog
  36:Core/Src/gpio.c ****         * Input
  37:Core/Src/gpio.c ****         * Output
  38:Core/Src/gpio.c ****         * EVENT_OUT
  39:Core/Src/gpio.c ****         * EXTI
  40:Core/Src/gpio.c **** */
  41:Core/Src/gpio.c **** void MX_GPIO_Init(void)
  42:Core/Src/gpio.c **** {
  27              		.loc 1 42 1 view -0
  28              		.cfi_startproc
  29              		@ args = 0, pretend = 0, frame = 32
  30              		@ frame_needed = 0, uses_anonymous_args = 0
  31 0000 30B5     		push	{r4, r5, lr}
  32              	.LCFI0:
  33              		.cfi_def_cfa_offset 12
  34              		.cfi_offset 4, -12
  35              		.cfi_offset 5, -8
  36              		.cfi_offset 14, -4
  37 0002 89B0     		sub	sp, sp, #36
  38              	.LCFI1:
  39              		.cfi_def_cfa_offset 48
  43:Core/Src/gpio.c **** 
  44:Core/Src/gpio.c ****   GPIO_InitTypeDef GPIO_InitStruct = {0};
  40              		.loc 1 44 3 view .LVU1
  41              		.loc 1 44 20 is_stmt 0 view .LVU2
  42 0004 0024     		movs	r4, #0
  43 0006 0494     		str	r4, [sp, #16]
  44 0008 0594     		str	r4, [sp, #20]
  45 000a 0694     		str	r4, [sp, #24]
  46 000c 0794     		str	r4, [sp, #28]
  45:Core/Src/gpio.c **** 
  46:Core/Src/gpio.c ****   /* GPIO Ports Clock Enable */
  47:Core/Src/gpio.c ****   __HAL_RCC_GPIOD_CLK_ENABLE();
  47              		.loc 1 47 3 is_stmt 1 view .LVU3
  48              	.LBB2:
  49              		.loc 1 47 3 view .LVU4
  50              		.loc 1 47 3 view .LVU5
  51 000e 1D4B     		ldr	r3, .L3
  52 0010 9A69     		ldr	r2, [r3, #24]
  53 0012 42F02002 		orr	r2, r2, #32
  54 0016 9A61     		str	r2, [r3, #24]
  55              		.loc 1 47 3 view .LVU6
  56 0018 9A69     		ldr	r2, [r3, #24]
  57 001a 02F02002 		and	r2, r2, #32
  58 001e 0192     		str	r2, [sp, #4]
  59              		.loc 1 47 3 view .LVU7
  60 0020 019A     		ldr	r2, [sp, #4]
  61              	.LBE2:
  62              		.loc 1 47 3 view .LVU8
  48:Core/Src/gpio.c ****   __HAL_RCC_GPIOA_CLK_ENABLE();
  63              		.loc 1 48 3 view .LVU9
  64              	.LBB3:
  65              		.loc 1 48 3 view .LVU10
  66              		.loc 1 48 3 view .LVU11
  67 0022 9A69     		ldr	r2, [r3, #24]
ARM GAS  C:\Users\lenovo\AppData\Local\Temp\ccNx7zYX.s 			page 3


  68 0024 42F00402 		orr	r2, r2, #4
  69 0028 9A61     		str	r2, [r3, #24]
  70              		.loc 1 48 3 view .LVU12
  71 002a 9A69     		ldr	r2, [r3, #24]
  72 002c 02F00402 		and	r2, r2, #4
  73 0030 0292     		str	r2, [sp, #8]
  74              		.loc 1 48 3 view .LVU13
  75 0032 029A     		ldr	r2, [sp, #8]
  76              	.LBE3:
  77              		.loc 1 48 3 view .LVU14
  49:Core/Src/gpio.c ****   __HAL_RCC_GPIOB_CLK_ENABLE();
  78              		.loc 1 49 3 view .LVU15
  79              	.LBB4:
  80              		.loc 1 49 3 view .LVU16
  81              		.loc 1 49 3 view .LVU17
  82 0034 9A69     		ldr	r2, [r3, #24]
  83 0036 42F00802 		orr	r2, r2, #8
  84 003a 9A61     		str	r2, [r3, #24]
  85              		.loc 1 49 3 view .LVU18
  86 003c 9B69     		ldr	r3, [r3, #24]
  87 003e 03F00803 		and	r3, r3, #8
  88 0042 0393     		str	r3, [sp, #12]
  89              		.loc 1 49 3 view .LVU19
  90 0044 039B     		ldr	r3, [sp, #12]
  91              	.LBE4:
  92              		.loc 1 49 3 view .LVU20
  50:Core/Src/gpio.c **** 
  51:Core/Src/gpio.c ****   /*Configure GPIO pin Output Level */
  52:Core/Src/gpio.c ****   HAL_GPIO_WritePin(GPIOB, NRF_CS_Pin|NRF_CE_Pin, GPIO_PIN_RESET);
  93              		.loc 1 52 3 view .LVU21
  94 0046 104D     		ldr	r5, .L3+4
  95 0048 2246     		mov	r2, r4
  96 004a 4FF4C051 		mov	r1, #6144
  97 004e 2846     		mov	r0, r5
  98 0050 FFF7FEFF 		bl	HAL_GPIO_WritePin
  99              	.LVL0:
  53:Core/Src/gpio.c **** 
  54:Core/Src/gpio.c ****   /*Configure GPIO pin : PtPin */
  55:Core/Src/gpio.c ****   GPIO_InitStruct.Pin = NRF_IRQ_Pin;
 100              		.loc 1 55 3 view .LVU22
 101              		.loc 1 55 23 is_stmt 0 view .LVU23
 102 0054 4FF48063 		mov	r3, #1024
 103 0058 0493     		str	r3, [sp, #16]
  56:Core/Src/gpio.c ****   GPIO_InitStruct.Mode = GPIO_MODE_INPUT;
 104              		.loc 1 56 3 is_stmt 1 view .LVU24
 105              		.loc 1 56 24 is_stmt 0 view .LVU25
 106 005a 0594     		str	r4, [sp, #20]
  57:Core/Src/gpio.c ****   GPIO_InitStruct.Pull = GPIO_PULLUP;
 107              		.loc 1 57 3 is_stmt 1 view .LVU26
 108              		.loc 1 57 24 is_stmt 0 view .LVU27
 109 005c 0124     		movs	r4, #1
 110 005e 0694     		str	r4, [sp, #24]
  58:Core/Src/gpio.c ****   HAL_GPIO_Init(NRF_IRQ_GPIO_Port, &GPIO_InitStruct);
 111              		.loc 1 58 3 is_stmt 1 view .LVU28
 112 0060 04A9     		add	r1, sp, #16
 113 0062 2846     		mov	r0, r5
 114 0064 FFF7FEFF 		bl	HAL_GPIO_Init
ARM GAS  C:\Users\lenovo\AppData\Local\Temp\ccNx7zYX.s 			page 4


 115              	.LVL1:
  59:Core/Src/gpio.c **** 
  60:Core/Src/gpio.c ****   /*Configure GPIO pins : PBPin PBPin */
  61:Core/Src/gpio.c ****   GPIO_InitStruct.Pin = NRF_CS_Pin|NRF_CE_Pin;
 116              		.loc 1 61 3 view .LVU29
 117              		.loc 1 61 23 is_stmt 0 view .LVU30
 118 0068 4FF4C053 		mov	r3, #6144
 119 006c 0493     		str	r3, [sp, #16]
  62:Core/Src/gpio.c ****   GPIO_InitStruct.Mode = GPIO_MODE_OUTPUT_PP;
 120              		.loc 1 62 3 is_stmt 1 view .LVU31
 121              		.loc 1 62 24 is_stmt 0 view .LVU32
 122 006e 0594     		str	r4, [sp, #20]
  63:Core/Src/gpio.c ****   GPIO_InitStruct.Pull = GPIO_PULLUP;
 123              		.loc 1 63 3 is_stmt 1 view .LVU33
 124              		.loc 1 63 24 is_stmt 0 view .LVU34
 125 0070 0694     		str	r4, [sp, #24]
  64:Core/Src/gpio.c ****   GPIO_InitStruct.Speed = GPIO_SPEED_FREQ_HIGH;
 126              		.loc 1 64 3 is_stmt 1 view .LVU35
 127              		.loc 1 64 25 is_stmt 0 view .LVU36
 128 0072 0323     		movs	r3, #3
 129 0074 0793     		str	r3, [sp, #28]
  65:Core/Src/gpio.c ****   HAL_GPIO_Init(GPIOB, &GPIO_InitStruct);
 130              		.loc 1 65 3 is_stmt 1 view .LVU37
 131 0076 04A9     		add	r1, sp, #16
 132 0078 2846     		mov	r0, r5
 133 007a FFF7FEFF 		bl	HAL_GPIO_Init
 134              	.LVL2:
  66:Core/Src/gpio.c **** 
  67:Core/Src/gpio.c **** }
 135              		.loc 1 67 1 is_stmt 0 view .LVU38
 136 007e 09B0     		add	sp, sp, #36
 137              	.LCFI2:
 138              		.cfi_def_cfa_offset 12
 139              		@ sp needed
 140 0080 30BD     		pop	{r4, r5, pc}
 141              	.L4:
 142 0082 00BF     		.align	2
 143              	.L3:
 144 0084 00100240 		.word	1073876992
 145 0088 000C0140 		.word	1073810432
 146              		.cfi_endproc
 147              	.LFE65:
 149              		.text
 150              	.Letext0:
 151              		.file 2 "c:\\program files (x86)\\gnu arm embedded toolchain\\10 2021.07\\arm-none-eabi\\include\\
 152              		.file 3 "c:\\program files (x86)\\gnu arm embedded toolchain\\10 2021.07\\arm-none-eabi\\include\\
 153              		.file 4 "Drivers/CMSIS/Device/ST/STM32F1xx/Include/stm32f103x6.h"
 154              		.file 5 "Drivers/STM32F1xx_HAL_Driver/Inc/stm32f1xx_hal_gpio.h"
ARM GAS  C:\Users\lenovo\AppData\Local\Temp\ccNx7zYX.s 			page 5


DEFINED SYMBOLS
                            *ABS*:00000000 gpio.c
C:\Users\lenovo\AppData\Local\Temp\ccNx7zYX.s:16     .text.MX_GPIO_Init:00000000 $t
C:\Users\lenovo\AppData\Local\Temp\ccNx7zYX.s:24     .text.MX_GPIO_Init:00000000 MX_GPIO_Init
C:\Users\lenovo\AppData\Local\Temp\ccNx7zYX.s:144    .text.MX_GPIO_Init:00000084 $d

UNDEFINED SYMBOLS
HAL_GPIO_WritePin
HAL_GPIO_Init
