ARM GAS  C:\Users\lenovo\AppData\Local\Temp\ccLenjcH.s 			page 1


   1              		.cpu cortex-m3
   2              		.eabi_attribute 20, 1
   3              		.eabi_attribute 21, 1
   4              		.eabi_attribute 23, 3
   5              		.eabi_attribute 24, 1
   6              		.eabi_attribute 25, 1
   7              		.eabi_attribute 26, 1
   8              		.eabi_attribute 30, 1
   9              		.eabi_attribute 34, 1
  10              		.eabi_attribute 18, 4
  11              		.file	"main.c"
  12              		.text
  13              	.Ltext0:
  14              		.cfi_sections	.debug_frame
  15              		.section	.text.Error_Handler,"ax",%progbits
  16              		.align	1
  17              		.global	Error_Handler
  18              		.arch armv7-m
  19              		.syntax unified
  20              		.thumb
  21              		.thumb_func
  22              		.fpu softvfp
  24              	Error_Handler:
  25              	.LFB67:
  26              		.file 1 "Core/Src/main.c"
   1:Core/Src/main.c **** /* USER CODE BEGIN Header */
   2:Core/Src/main.c **** /**
   3:Core/Src/main.c ****   ******************************************************************************
   4:Core/Src/main.c ****   * @file           : main.c
   5:Core/Src/main.c ****   * @brief          : Main program body
   6:Core/Src/main.c ****   ******************************************************************************
   7:Core/Src/main.c ****   * @attention
   8:Core/Src/main.c ****   *
   9:Core/Src/main.c ****   * <h2><center>&copy; Copyright (c) 2023 STMicroelectronics.
  10:Core/Src/main.c ****   * All rights reserved.</center></h2>
  11:Core/Src/main.c ****   *
  12:Core/Src/main.c ****   * This software component is licensed by ST under BSD 3-Clause license,
  13:Core/Src/main.c ****   * the "License"; You may not use this file except in compliance with the
  14:Core/Src/main.c ****   * License. You may obtain a copy of the License at:
  15:Core/Src/main.c ****   *                        opensource.org/licenses/BSD-3-Clause
  16:Core/Src/main.c ****   *
  17:Core/Src/main.c ****   ******************************************************************************
  18:Core/Src/main.c ****   */
  19:Core/Src/main.c **** /* USER CODE END Header */
  20:Core/Src/main.c **** /* Includes ------------------------------------------------------------------*/
  21:Core/Src/main.c **** #include "main.h"
  22:Core/Src/main.c **** #include "spi.h"
  23:Core/Src/main.c **** #include "usart.h"
  24:Core/Src/main.c **** #include "gpio.h"
  25:Core/Src/main.c **** 
  26:Core/Src/main.c **** /* Private includes ----------------------------------------------------------*/
  27:Core/Src/main.c **** /* USER CODE BEGIN Includes */
  28:Core/Src/main.c **** 
  29:Core/Src/main.c **** /* USER CODE END Includes */
  30:Core/Src/main.c **** 
  31:Core/Src/main.c **** /* Private typedef -----------------------------------------------------------*/
  32:Core/Src/main.c **** /* USER CODE BEGIN PTD */
ARM GAS  C:\Users\lenovo\AppData\Local\Temp\ccLenjcH.s 			page 2


  33:Core/Src/main.c **** 
  34:Core/Src/main.c **** /* USER CODE END PTD */
  35:Core/Src/main.c **** 
  36:Core/Src/main.c **** /* Private define ------------------------------------------------------------*/
  37:Core/Src/main.c **** /* USER CODE BEGIN PD */
  38:Core/Src/main.c **** /* USER CODE END PD */
  39:Core/Src/main.c **** 
  40:Core/Src/main.c **** /* Private macro -------------------------------------------------------------*/
  41:Core/Src/main.c **** /* USER CODE BEGIN PM */
  42:Core/Src/main.c **** 
  43:Core/Src/main.c **** /* USER CODE END PM */
  44:Core/Src/main.c **** 
  45:Core/Src/main.c **** /* Private variables ---------------------------------------------------------*/
  46:Core/Src/main.c **** 
  47:Core/Src/main.c **** /* USER CODE BEGIN PV */
  48:Core/Src/main.c **** 
  49:Core/Src/main.c **** /* USER CODE END PV */
  50:Core/Src/main.c **** 
  51:Core/Src/main.c **** /* Private function prototypes -----------------------------------------------*/
  52:Core/Src/main.c **** void SystemClock_Config(void);
  53:Core/Src/main.c **** /* USER CODE BEGIN PFP */
  54:Core/Src/main.c **** 
  55:Core/Src/main.c **** /* USER CODE END PFP */
  56:Core/Src/main.c **** 
  57:Core/Src/main.c **** /* Private user code ---------------------------------------------------------*/
  58:Core/Src/main.c **** /* USER CODE BEGIN 0 */
  59:Core/Src/main.c **** 
  60:Core/Src/main.c **** /* USER CODE END 0 */
  61:Core/Src/main.c **** 
  62:Core/Src/main.c **** /**
  63:Core/Src/main.c ****   * @brief  The application entry point.
  64:Core/Src/main.c ****   * @retval int
  65:Core/Src/main.c ****   */
  66:Core/Src/main.c **** int main(void)
  67:Core/Src/main.c **** {
  68:Core/Src/main.c ****   /* USER CODE BEGIN 1 */
  69:Core/Src/main.c **** 
  70:Core/Src/main.c ****   /* USER CODE END 1 */
  71:Core/Src/main.c **** 
  72:Core/Src/main.c ****   /* MCU Configuration--------------------------------------------------------*/
  73:Core/Src/main.c **** 
  74:Core/Src/main.c ****   /* Reset of all peripherals, Initializes the Flash interface and the Systick. */
  75:Core/Src/main.c ****   HAL_Init();
  76:Core/Src/main.c **** 
  77:Core/Src/main.c ****   /* USER CODE BEGIN Init */
  78:Core/Src/main.c **** 
  79:Core/Src/main.c ****   /* USER CODE END Init */
  80:Core/Src/main.c **** 
  81:Core/Src/main.c ****   /* Configure the system clock */
  82:Core/Src/main.c ****   SystemClock_Config();
  83:Core/Src/main.c **** 
  84:Core/Src/main.c ****   /* USER CODE BEGIN SysInit */
  85:Core/Src/main.c **** 
  86:Core/Src/main.c ****   /* USER CODE END SysInit */
  87:Core/Src/main.c **** 
  88:Core/Src/main.c ****   /* Initialize all configured peripherals */
  89:Core/Src/main.c ****   MX_GPIO_Init();
ARM GAS  C:\Users\lenovo\AppData\Local\Temp\ccLenjcH.s 			page 3


  90:Core/Src/main.c ****   MX_SPI1_Init();
  91:Core/Src/main.c ****   MX_USART1_UART_Init();
  92:Core/Src/main.c ****   /* USER CODE BEGIN 2 */
  93:Core/Src/main.c **** 
  94:Core/Src/main.c ****   /* USER CODE END 2 */
  95:Core/Src/main.c **** 
  96:Core/Src/main.c ****   while(NRF24L01_Check())
  97:Core/Src/main.c **** 	{
  98:Core/Src/main.c **** 		u1_printf("worong wrpng\r\n"); 
  99:Core/Src/main.c ****  		HAL_Delay(1000);
 100:Core/Src/main.c **** 	}
 101:Core/Src/main.c **** 	
 102:Core/Src/main.c ****   NRF24L01_RX_Mode();
 103:Core/Src/main.c **** 	u1_printf("NRF24L01  working\r\n");
 104:Core/Src/main.c **** 	
 105:Core/Src/main.c **** 	
 106:Core/Src/main.c ****     u1_printf("receiveing:\r\n");
 107:Core/Src/main.c ****   char Receive[32]={0};
 108:Core/Src/main.c ****  while (1)
 109:Core/Src/main.c ****   {
 110:Core/Src/main.c ****     /* USER CODE END WHILE */
 111:Core/Src/main.c ****   if(NRF24L01_RxPacket(Receive)==0)
 112:Core/Src/main.c ****     {
 113:Core/Src/main.c ****       Receive[32]=0;//加入字符串结束符      
 114:Core/Src/main.c ****      u1_printf("NRF24L01无线模块数据接收成功：%s\r\n",Receive);
 115:Core/Src/main.c ****     }
 116:Core/Src/main.c ****     HAL_Delay(1000);
 117:Core/Src/main.c **** 
 118:Core/Src/main.c ****     /* USER CODE BEGIN 3 */
 119:Core/Src/main.c ****   }
 120:Core/Src/main.c ****   /* USER CODE END 3 */
 121:Core/Src/main.c **** }
 122:Core/Src/main.c **** 
 123:Core/Src/main.c **** /**
 124:Core/Src/main.c ****   * @brief System Clock Configuration
 125:Core/Src/main.c ****   * @retval None
 126:Core/Src/main.c ****   */
 127:Core/Src/main.c **** void SystemClock_Config(void)
 128:Core/Src/main.c **** {
 129:Core/Src/main.c ****   RCC_OscInitTypeDef RCC_OscInitStruct = {0};
 130:Core/Src/main.c ****   RCC_ClkInitTypeDef RCC_ClkInitStruct = {0};
 131:Core/Src/main.c **** 
 132:Core/Src/main.c ****   /** Initializes the RCC Oscillators according to the specified parameters
 133:Core/Src/main.c ****   * in the RCC_OscInitTypeDef structure.
 134:Core/Src/main.c ****   */
 135:Core/Src/main.c ****   RCC_OscInitStruct.OscillatorType = RCC_OSCILLATORTYPE_HSE;
 136:Core/Src/main.c ****   RCC_OscInitStruct.HSEState = RCC_HSE_ON;
 137:Core/Src/main.c ****   RCC_OscInitStruct.HSEPredivValue = RCC_HSE_PREDIV_DIV1;
 138:Core/Src/main.c ****   RCC_OscInitStruct.HSIState = RCC_HSI_ON;
 139:Core/Src/main.c ****   RCC_OscInitStruct.PLL.PLLState = RCC_PLL_ON;
 140:Core/Src/main.c ****   RCC_OscInitStruct.PLL.PLLSource = RCC_PLLSOURCE_HSE;
 141:Core/Src/main.c ****   RCC_OscInitStruct.PLL.PLLMUL = RCC_PLL_MUL6;
 142:Core/Src/main.c ****   if (HAL_RCC_OscConfig(&RCC_OscInitStruct) != HAL_OK)
 143:Core/Src/main.c ****   {
 144:Core/Src/main.c ****     Error_Handler();
 145:Core/Src/main.c ****   }
 146:Core/Src/main.c ****   /** Initializes the CPU, AHB and APB buses clocks
ARM GAS  C:\Users\lenovo\AppData\Local\Temp\ccLenjcH.s 			page 4


 147:Core/Src/main.c ****   */
 148:Core/Src/main.c ****   RCC_ClkInitStruct.ClockType = RCC_CLOCKTYPE_HCLK|RCC_CLOCKTYPE_SYSCLK
 149:Core/Src/main.c ****                               |RCC_CLOCKTYPE_PCLK1|RCC_CLOCKTYPE_PCLK2;
 150:Core/Src/main.c ****   RCC_ClkInitStruct.SYSCLKSource = RCC_SYSCLKSOURCE_PLLCLK;
 151:Core/Src/main.c ****   RCC_ClkInitStruct.AHBCLKDivider = RCC_SYSCLK_DIV1;
 152:Core/Src/main.c ****   RCC_ClkInitStruct.APB1CLKDivider = RCC_HCLK_DIV2;
 153:Core/Src/main.c ****   RCC_ClkInitStruct.APB2CLKDivider = RCC_HCLK_DIV1;
 154:Core/Src/main.c **** 
 155:Core/Src/main.c ****   if (HAL_RCC_ClockConfig(&RCC_ClkInitStruct, FLASH_LATENCY_1) != HAL_OK)
 156:Core/Src/main.c ****   {
 157:Core/Src/main.c ****     Error_Handler();
 158:Core/Src/main.c ****   }
 159:Core/Src/main.c **** }
 160:Core/Src/main.c **** 
 161:Core/Src/main.c **** /* USER CODE BEGIN 4 */
 162:Core/Src/main.c **** 
 163:Core/Src/main.c **** /* USER CODE END 4 */
 164:Core/Src/main.c **** 
 165:Core/Src/main.c **** /**
 166:Core/Src/main.c ****   * @brief  This function is executed in case of error occurrence.
 167:Core/Src/main.c ****   * @retval None
 168:Core/Src/main.c ****   */
 169:Core/Src/main.c **** void Error_Handler(void)
 170:Core/Src/main.c **** {
  27              		.loc 1 170 1 view -0
  28              		.cfi_startproc
  29              		@ Volatile: function does not return.
  30              		@ args = 0, pretend = 0, frame = 0
  31              		@ frame_needed = 0, uses_anonymous_args = 0
  32              		@ link register save eliminated.
 171:Core/Src/main.c ****   /* USER CODE BEGIN Error_Handler_Debug */
 172:Core/Src/main.c ****   /* User can add his own implementation to report the HAL error return state */
 173:Core/Src/main.c ****   __disable_irq();
  33              		.loc 1 173 3 view .LVU1
  34              	.LBB4:
  35              	.LBI4:
  36              		.file 2 "Drivers/CMSIS/Include/cmsis_gcc.h"
   1:Drivers/CMSIS/Include/cmsis_gcc.h **** /**************************************************************************//**
   2:Drivers/CMSIS/Include/cmsis_gcc.h ****  * @file     cmsis_gcc.h
   3:Drivers/CMSIS/Include/cmsis_gcc.h ****  * @brief    CMSIS compiler GCC header file
   4:Drivers/CMSIS/Include/cmsis_gcc.h ****  * @version  V5.0.4
   5:Drivers/CMSIS/Include/cmsis_gcc.h ****  * @date     09. April 2018
   6:Drivers/CMSIS/Include/cmsis_gcc.h ****  ******************************************************************************/
   7:Drivers/CMSIS/Include/cmsis_gcc.h **** /*
   8:Drivers/CMSIS/Include/cmsis_gcc.h ****  * Copyright (c) 2009-2018 Arm Limited. All rights reserved.
   9:Drivers/CMSIS/Include/cmsis_gcc.h ****  *
  10:Drivers/CMSIS/Include/cmsis_gcc.h ****  * SPDX-License-Identifier: Apache-2.0
  11:Drivers/CMSIS/Include/cmsis_gcc.h ****  *
  12:Drivers/CMSIS/Include/cmsis_gcc.h ****  * Licensed under the Apache License, Version 2.0 (the License); you may
  13:Drivers/CMSIS/Include/cmsis_gcc.h ****  * not use this file except in compliance with the License.
  14:Drivers/CMSIS/Include/cmsis_gcc.h ****  * You may obtain a copy of the License at
  15:Drivers/CMSIS/Include/cmsis_gcc.h ****  *
  16:Drivers/CMSIS/Include/cmsis_gcc.h ****  * www.apache.org/licenses/LICENSE-2.0
  17:Drivers/CMSIS/Include/cmsis_gcc.h ****  *
  18:Drivers/CMSIS/Include/cmsis_gcc.h ****  * Unless required by applicable law or agreed to in writing, software
  19:Drivers/CMSIS/Include/cmsis_gcc.h ****  * distributed under the License is distributed on an AS IS BASIS, WITHOUT
  20:Drivers/CMSIS/Include/cmsis_gcc.h ****  * WARRANTIES OR CONDITIONS OF ANY KIND, either express or implied.
ARM GAS  C:\Users\lenovo\AppData\Local\Temp\ccLenjcH.s 			page 5


  21:Drivers/CMSIS/Include/cmsis_gcc.h ****  * See the License for the specific language governing permissions and
  22:Drivers/CMSIS/Include/cmsis_gcc.h ****  * limitations under the License.
  23:Drivers/CMSIS/Include/cmsis_gcc.h ****  */
  24:Drivers/CMSIS/Include/cmsis_gcc.h **** 
  25:Drivers/CMSIS/Include/cmsis_gcc.h **** #ifndef __CMSIS_GCC_H
  26:Drivers/CMSIS/Include/cmsis_gcc.h **** #define __CMSIS_GCC_H
  27:Drivers/CMSIS/Include/cmsis_gcc.h **** 
  28:Drivers/CMSIS/Include/cmsis_gcc.h **** /* ignore some GCC warnings */
  29:Drivers/CMSIS/Include/cmsis_gcc.h **** #pragma GCC diagnostic push
  30:Drivers/CMSIS/Include/cmsis_gcc.h **** #pragma GCC diagnostic ignored "-Wsign-conversion"
  31:Drivers/CMSIS/Include/cmsis_gcc.h **** #pragma GCC diagnostic ignored "-Wconversion"
  32:Drivers/CMSIS/Include/cmsis_gcc.h **** #pragma GCC diagnostic ignored "-Wunused-parameter"
  33:Drivers/CMSIS/Include/cmsis_gcc.h **** 
  34:Drivers/CMSIS/Include/cmsis_gcc.h **** /* Fallback for __has_builtin */
  35:Drivers/CMSIS/Include/cmsis_gcc.h **** #ifndef __has_builtin
  36:Drivers/CMSIS/Include/cmsis_gcc.h ****   #define __has_builtin(x) (0)
  37:Drivers/CMSIS/Include/cmsis_gcc.h **** #endif
  38:Drivers/CMSIS/Include/cmsis_gcc.h **** 
  39:Drivers/CMSIS/Include/cmsis_gcc.h **** /* CMSIS compiler specific defines */
  40:Drivers/CMSIS/Include/cmsis_gcc.h **** #ifndef   __ASM
  41:Drivers/CMSIS/Include/cmsis_gcc.h ****   #define __ASM                                  __asm
  42:Drivers/CMSIS/Include/cmsis_gcc.h **** #endif
  43:Drivers/CMSIS/Include/cmsis_gcc.h **** #ifndef   __INLINE
  44:Drivers/CMSIS/Include/cmsis_gcc.h ****   #define __INLINE                               inline
  45:Drivers/CMSIS/Include/cmsis_gcc.h **** #endif
  46:Drivers/CMSIS/Include/cmsis_gcc.h **** #ifndef   __STATIC_INLINE
  47:Drivers/CMSIS/Include/cmsis_gcc.h ****   #define __STATIC_INLINE                        static inline
  48:Drivers/CMSIS/Include/cmsis_gcc.h **** #endif
  49:Drivers/CMSIS/Include/cmsis_gcc.h **** #ifndef   __STATIC_FORCEINLINE                 
  50:Drivers/CMSIS/Include/cmsis_gcc.h ****   #define __STATIC_FORCEINLINE                   __attribute__((always_inline)) static inline
  51:Drivers/CMSIS/Include/cmsis_gcc.h **** #endif                                           
  52:Drivers/CMSIS/Include/cmsis_gcc.h **** #ifndef   __NO_RETURN
  53:Drivers/CMSIS/Include/cmsis_gcc.h ****   #define __NO_RETURN                            __attribute__((__noreturn__))
  54:Drivers/CMSIS/Include/cmsis_gcc.h **** #endif
  55:Drivers/CMSIS/Include/cmsis_gcc.h **** #ifndef   __USED
  56:Drivers/CMSIS/Include/cmsis_gcc.h ****   #define __USED                                 __attribute__((used))
  57:Drivers/CMSIS/Include/cmsis_gcc.h **** #endif
  58:Drivers/CMSIS/Include/cmsis_gcc.h **** #ifndef   __WEAK
  59:Drivers/CMSIS/Include/cmsis_gcc.h ****   #define __WEAK                                 __attribute__((weak))
  60:Drivers/CMSIS/Include/cmsis_gcc.h **** #endif
  61:Drivers/CMSIS/Include/cmsis_gcc.h **** #ifndef   __PACKED
  62:Drivers/CMSIS/Include/cmsis_gcc.h ****   #define __PACKED                               __attribute__((packed, aligned(1)))
  63:Drivers/CMSIS/Include/cmsis_gcc.h **** #endif
  64:Drivers/CMSIS/Include/cmsis_gcc.h **** #ifndef   __PACKED_STRUCT
  65:Drivers/CMSIS/Include/cmsis_gcc.h ****   #define __PACKED_STRUCT                        struct __attribute__((packed, aligned(1)))
  66:Drivers/CMSIS/Include/cmsis_gcc.h **** #endif
  67:Drivers/CMSIS/Include/cmsis_gcc.h **** #ifndef   __PACKED_UNION
  68:Drivers/CMSIS/Include/cmsis_gcc.h ****   #define __PACKED_UNION                         union __attribute__((packed, aligned(1)))
  69:Drivers/CMSIS/Include/cmsis_gcc.h **** #endif
  70:Drivers/CMSIS/Include/cmsis_gcc.h **** #ifndef   __UNALIGNED_UINT32        /* deprecated */
  71:Drivers/CMSIS/Include/cmsis_gcc.h ****   #pragma GCC diagnostic push
  72:Drivers/CMSIS/Include/cmsis_gcc.h ****   #pragma GCC diagnostic ignored "-Wpacked"
  73:Drivers/CMSIS/Include/cmsis_gcc.h ****   #pragma GCC diagnostic ignored "-Wattributes"
  74:Drivers/CMSIS/Include/cmsis_gcc.h ****   struct __attribute__((packed)) T_UINT32 { uint32_t v; };
  75:Drivers/CMSIS/Include/cmsis_gcc.h ****   #pragma GCC diagnostic pop
  76:Drivers/CMSIS/Include/cmsis_gcc.h ****   #define __UNALIGNED_UINT32(x)                  (((struct T_UINT32 *)(x))->v)
  77:Drivers/CMSIS/Include/cmsis_gcc.h **** #endif
ARM GAS  C:\Users\lenovo\AppData\Local\Temp\ccLenjcH.s 			page 6


  78:Drivers/CMSIS/Include/cmsis_gcc.h **** #ifndef   __UNALIGNED_UINT16_WRITE
  79:Drivers/CMSIS/Include/cmsis_gcc.h ****   #pragma GCC diagnostic push
  80:Drivers/CMSIS/Include/cmsis_gcc.h ****   #pragma GCC diagnostic ignored "-Wpacked"
  81:Drivers/CMSIS/Include/cmsis_gcc.h ****   #pragma GCC diagnostic ignored "-Wattributes"
  82:Drivers/CMSIS/Include/cmsis_gcc.h ****   __PACKED_STRUCT T_UINT16_WRITE { uint16_t v; };
  83:Drivers/CMSIS/Include/cmsis_gcc.h ****   #pragma GCC diagnostic pop
  84:Drivers/CMSIS/Include/cmsis_gcc.h ****   #define __UNALIGNED_UINT16_WRITE(addr, val)    (void)((((struct T_UINT16_WRITE *)(void *)(addr))-
  85:Drivers/CMSIS/Include/cmsis_gcc.h **** #endif
  86:Drivers/CMSIS/Include/cmsis_gcc.h **** #ifndef   __UNALIGNED_UINT16_READ
  87:Drivers/CMSIS/Include/cmsis_gcc.h ****   #pragma GCC diagnostic push
  88:Drivers/CMSIS/Include/cmsis_gcc.h ****   #pragma GCC diagnostic ignored "-Wpacked"
  89:Drivers/CMSIS/Include/cmsis_gcc.h ****   #pragma GCC diagnostic ignored "-Wattributes"
  90:Drivers/CMSIS/Include/cmsis_gcc.h ****   __PACKED_STRUCT T_UINT16_READ { uint16_t v; };
  91:Drivers/CMSIS/Include/cmsis_gcc.h ****   #pragma GCC diagnostic pop
  92:Drivers/CMSIS/Include/cmsis_gcc.h ****   #define __UNALIGNED_UINT16_READ(addr)          (((const struct T_UINT16_READ *)(const void *)(add
  93:Drivers/CMSIS/Include/cmsis_gcc.h **** #endif
  94:Drivers/CMSIS/Include/cmsis_gcc.h **** #ifndef   __UNALIGNED_UINT32_WRITE
  95:Drivers/CMSIS/Include/cmsis_gcc.h ****   #pragma GCC diagnostic push
  96:Drivers/CMSIS/Include/cmsis_gcc.h ****   #pragma GCC diagnostic ignored "-Wpacked"
  97:Drivers/CMSIS/Include/cmsis_gcc.h ****   #pragma GCC diagnostic ignored "-Wattributes"
  98:Drivers/CMSIS/Include/cmsis_gcc.h ****   __PACKED_STRUCT T_UINT32_WRITE { uint32_t v; };
  99:Drivers/CMSIS/Include/cmsis_gcc.h ****   #pragma GCC diagnostic pop
 100:Drivers/CMSIS/Include/cmsis_gcc.h ****   #define __UNALIGNED_UINT32_WRITE(addr, val)    (void)((((struct T_UINT32_WRITE *)(void *)(addr))-
 101:Drivers/CMSIS/Include/cmsis_gcc.h **** #endif
 102:Drivers/CMSIS/Include/cmsis_gcc.h **** #ifndef   __UNALIGNED_UINT32_READ
 103:Drivers/CMSIS/Include/cmsis_gcc.h ****   #pragma GCC diagnostic push
 104:Drivers/CMSIS/Include/cmsis_gcc.h ****   #pragma GCC diagnostic ignored "-Wpacked"
 105:Drivers/CMSIS/Include/cmsis_gcc.h ****   #pragma GCC diagnostic ignored "-Wattributes"
 106:Drivers/CMSIS/Include/cmsis_gcc.h ****   __PACKED_STRUCT T_UINT32_READ { uint32_t v; };
 107:Drivers/CMSIS/Include/cmsis_gcc.h ****   #pragma GCC diagnostic pop
 108:Drivers/CMSIS/Include/cmsis_gcc.h ****   #define __UNALIGNED_UINT32_READ(addr)          (((const struct T_UINT32_READ *)(const void *)(add
 109:Drivers/CMSIS/Include/cmsis_gcc.h **** #endif
 110:Drivers/CMSIS/Include/cmsis_gcc.h **** #ifndef   __ALIGNED
 111:Drivers/CMSIS/Include/cmsis_gcc.h ****   #define __ALIGNED(x)                           __attribute__((aligned(x)))
 112:Drivers/CMSIS/Include/cmsis_gcc.h **** #endif
 113:Drivers/CMSIS/Include/cmsis_gcc.h **** #ifndef   __RESTRICT
 114:Drivers/CMSIS/Include/cmsis_gcc.h ****   #define __RESTRICT                             __restrict
 115:Drivers/CMSIS/Include/cmsis_gcc.h **** #endif
 116:Drivers/CMSIS/Include/cmsis_gcc.h **** 
 117:Drivers/CMSIS/Include/cmsis_gcc.h **** 
 118:Drivers/CMSIS/Include/cmsis_gcc.h **** /* ###########################  Core Function Access  ########################### */
 119:Drivers/CMSIS/Include/cmsis_gcc.h **** /** \ingroup  CMSIS_Core_FunctionInterface
 120:Drivers/CMSIS/Include/cmsis_gcc.h ****     \defgroup CMSIS_Core_RegAccFunctions CMSIS Core Register Access Functions
 121:Drivers/CMSIS/Include/cmsis_gcc.h ****   @{
 122:Drivers/CMSIS/Include/cmsis_gcc.h ****  */
 123:Drivers/CMSIS/Include/cmsis_gcc.h **** 
 124:Drivers/CMSIS/Include/cmsis_gcc.h **** /**
 125:Drivers/CMSIS/Include/cmsis_gcc.h ****   \brief   Enable IRQ Interrupts
 126:Drivers/CMSIS/Include/cmsis_gcc.h ****   \details Enables IRQ interrupts by clearing the I-bit in the CPSR.
 127:Drivers/CMSIS/Include/cmsis_gcc.h ****            Can only be executed in Privileged modes.
 128:Drivers/CMSIS/Include/cmsis_gcc.h ****  */
 129:Drivers/CMSIS/Include/cmsis_gcc.h **** __STATIC_FORCEINLINE void __enable_irq(void)
 130:Drivers/CMSIS/Include/cmsis_gcc.h **** {
 131:Drivers/CMSIS/Include/cmsis_gcc.h ****   __ASM volatile ("cpsie i" : : : "memory");
 132:Drivers/CMSIS/Include/cmsis_gcc.h **** }
 133:Drivers/CMSIS/Include/cmsis_gcc.h **** 
 134:Drivers/CMSIS/Include/cmsis_gcc.h **** 
ARM GAS  C:\Users\lenovo\AppData\Local\Temp\ccLenjcH.s 			page 7


 135:Drivers/CMSIS/Include/cmsis_gcc.h **** /**
 136:Drivers/CMSIS/Include/cmsis_gcc.h ****   \brief   Disable IRQ Interrupts
 137:Drivers/CMSIS/Include/cmsis_gcc.h ****   \details Disables IRQ interrupts by setting the I-bit in the CPSR.
 138:Drivers/CMSIS/Include/cmsis_gcc.h ****            Can only be executed in Privileged modes.
 139:Drivers/CMSIS/Include/cmsis_gcc.h ****  */
 140:Drivers/CMSIS/Include/cmsis_gcc.h **** __STATIC_FORCEINLINE void __disable_irq(void)
  37              		.loc 2 140 27 view .LVU2
  38              	.LBB5:
 141:Drivers/CMSIS/Include/cmsis_gcc.h **** {
 142:Drivers/CMSIS/Include/cmsis_gcc.h ****   __ASM volatile ("cpsid i" : : : "memory");
  39              		.loc 2 142 3 view .LVU3
  40              		.syntax unified
  41              	@ 142 "Drivers/CMSIS/Include/cmsis_gcc.h" 1
  42 0000 72B6     		cpsid i
  43              	@ 0 "" 2
  44              		.thumb
  45              		.syntax unified
  46              	.L2:
  47              	.LBE5:
  48              	.LBE4:
 174:Core/Src/main.c ****   while (1)
  49              		.loc 1 174 3 discriminator 1 view .LVU4
 175:Core/Src/main.c ****   {
 176:Core/Src/main.c ****   }
  50              		.loc 1 176 3 discriminator 1 view .LVU5
 174:Core/Src/main.c ****   while (1)
  51              		.loc 1 174 9 discriminator 1 view .LVU6
  52 0002 FEE7     		b	.L2
  53              		.cfi_endproc
  54              	.LFE67:
  56              		.section	.text.SystemClock_Config,"ax",%progbits
  57              		.align	1
  58              		.global	SystemClock_Config
  59              		.syntax unified
  60              		.thumb
  61              		.thumb_func
  62              		.fpu softvfp
  64              	SystemClock_Config:
  65              	.LFB66:
 128:Core/Src/main.c ****   RCC_OscInitTypeDef RCC_OscInitStruct = {0};
  66              		.loc 1 128 1 view -0
  67              		.cfi_startproc
  68              		@ args = 0, pretend = 0, frame = 64
  69              		@ frame_needed = 0, uses_anonymous_args = 0
  70 0000 00B5     		push	{lr}
  71              	.LCFI0:
  72              		.cfi_def_cfa_offset 4
  73              		.cfi_offset 14, -4
  74 0002 91B0     		sub	sp, sp, #68
  75              	.LCFI1:
  76              		.cfi_def_cfa_offset 72
 129:Core/Src/main.c ****   RCC_ClkInitTypeDef RCC_ClkInitStruct = {0};
  77              		.loc 1 129 3 view .LVU8
 129:Core/Src/main.c ****   RCC_ClkInitTypeDef RCC_ClkInitStruct = {0};
  78              		.loc 1 129 22 is_stmt 0 view .LVU9
  79 0004 2822     		movs	r2, #40
  80 0006 0021     		movs	r1, #0
ARM GAS  C:\Users\lenovo\AppData\Local\Temp\ccLenjcH.s 			page 8


  81 0008 06A8     		add	r0, sp, #24
  82 000a FFF7FEFF 		bl	memset
  83              	.LVL0:
 130:Core/Src/main.c **** 
  84              		.loc 1 130 3 is_stmt 1 view .LVU10
 130:Core/Src/main.c **** 
  85              		.loc 1 130 22 is_stmt 0 view .LVU11
  86 000e 0023     		movs	r3, #0
  87 0010 0193     		str	r3, [sp, #4]
  88 0012 0293     		str	r3, [sp, #8]
  89 0014 0393     		str	r3, [sp, #12]
  90 0016 0493     		str	r3, [sp, #16]
  91 0018 0593     		str	r3, [sp, #20]
 135:Core/Src/main.c ****   RCC_OscInitStruct.HSEState = RCC_HSE_ON;
  92              		.loc 1 135 3 is_stmt 1 view .LVU12
 135:Core/Src/main.c ****   RCC_OscInitStruct.HSEState = RCC_HSE_ON;
  93              		.loc 1 135 36 is_stmt 0 view .LVU13
  94 001a 0122     		movs	r2, #1
  95 001c 0692     		str	r2, [sp, #24]
 136:Core/Src/main.c ****   RCC_OscInitStruct.HSEPredivValue = RCC_HSE_PREDIV_DIV1;
  96              		.loc 1 136 3 is_stmt 1 view .LVU14
 136:Core/Src/main.c ****   RCC_OscInitStruct.HSEPredivValue = RCC_HSE_PREDIV_DIV1;
  97              		.loc 1 136 30 is_stmt 0 view .LVU15
  98 001e 4FF48033 		mov	r3, #65536
  99 0022 0793     		str	r3, [sp, #28]
 137:Core/Src/main.c ****   RCC_OscInitStruct.HSIState = RCC_HSI_ON;
 100              		.loc 1 137 3 is_stmt 1 view .LVU16
 138:Core/Src/main.c ****   RCC_OscInitStruct.PLL.PLLState = RCC_PLL_ON;
 101              		.loc 1 138 3 view .LVU17
 138:Core/Src/main.c ****   RCC_OscInitStruct.PLL.PLLState = RCC_PLL_ON;
 102              		.loc 1 138 30 is_stmt 0 view .LVU18
 103 0024 0A92     		str	r2, [sp, #40]
 139:Core/Src/main.c ****   RCC_OscInitStruct.PLL.PLLSource = RCC_PLLSOURCE_HSE;
 104              		.loc 1 139 3 is_stmt 1 view .LVU19
 139:Core/Src/main.c ****   RCC_OscInitStruct.PLL.PLLSource = RCC_PLLSOURCE_HSE;
 105              		.loc 1 139 34 is_stmt 0 view .LVU20
 106 0026 0222     		movs	r2, #2
 107 0028 0D92     		str	r2, [sp, #52]
 140:Core/Src/main.c ****   RCC_OscInitStruct.PLL.PLLMUL = RCC_PLL_MUL6;
 108              		.loc 1 140 3 is_stmt 1 view .LVU21
 140:Core/Src/main.c ****   RCC_OscInitStruct.PLL.PLLMUL = RCC_PLL_MUL6;
 109              		.loc 1 140 35 is_stmt 0 view .LVU22
 110 002a 0E93     		str	r3, [sp, #56]
 141:Core/Src/main.c ****   if (HAL_RCC_OscConfig(&RCC_OscInitStruct) != HAL_OK)
 111              		.loc 1 141 3 is_stmt 1 view .LVU23
 141:Core/Src/main.c ****   if (HAL_RCC_OscConfig(&RCC_OscInitStruct) != HAL_OK)
 112              		.loc 1 141 32 is_stmt 0 view .LVU24
 113 002c 4FF48013 		mov	r3, #1048576
 114 0030 0F93     		str	r3, [sp, #60]
 142:Core/Src/main.c ****   {
 115              		.loc 1 142 3 is_stmt 1 view .LVU25
 142:Core/Src/main.c ****   {
 116              		.loc 1 142 7 is_stmt 0 view .LVU26
 117 0032 06A8     		add	r0, sp, #24
 118 0034 FFF7FEFF 		bl	HAL_RCC_OscConfig
 119              	.LVL1:
 142:Core/Src/main.c ****   {
ARM GAS  C:\Users\lenovo\AppData\Local\Temp\ccLenjcH.s 			page 9


 120              		.loc 1 142 6 view .LVU27
 121 0038 88B9     		cbnz	r0, .L7
 148:Core/Src/main.c ****                               |RCC_CLOCKTYPE_PCLK1|RCC_CLOCKTYPE_PCLK2;
 122              		.loc 1 148 3 is_stmt 1 view .LVU28
 148:Core/Src/main.c ****                               |RCC_CLOCKTYPE_PCLK1|RCC_CLOCKTYPE_PCLK2;
 123              		.loc 1 148 31 is_stmt 0 view .LVU29
 124 003a 0F23     		movs	r3, #15
 125 003c 0193     		str	r3, [sp, #4]
 150:Core/Src/main.c ****   RCC_ClkInitStruct.AHBCLKDivider = RCC_SYSCLK_DIV1;
 126              		.loc 1 150 3 is_stmt 1 view .LVU30
 150:Core/Src/main.c ****   RCC_ClkInitStruct.AHBCLKDivider = RCC_SYSCLK_DIV1;
 127              		.loc 1 150 34 is_stmt 0 view .LVU31
 128 003e 0223     		movs	r3, #2
 129 0040 0293     		str	r3, [sp, #8]
 151:Core/Src/main.c ****   RCC_ClkInitStruct.APB1CLKDivider = RCC_HCLK_DIV2;
 130              		.loc 1 151 3 is_stmt 1 view .LVU32
 151:Core/Src/main.c ****   RCC_ClkInitStruct.APB1CLKDivider = RCC_HCLK_DIV2;
 131              		.loc 1 151 35 is_stmt 0 view .LVU33
 132 0042 0023     		movs	r3, #0
 133 0044 0393     		str	r3, [sp, #12]
 152:Core/Src/main.c ****   RCC_ClkInitStruct.APB2CLKDivider = RCC_HCLK_DIV1;
 134              		.loc 1 152 3 is_stmt 1 view .LVU34
 152:Core/Src/main.c ****   RCC_ClkInitStruct.APB2CLKDivider = RCC_HCLK_DIV1;
 135              		.loc 1 152 36 is_stmt 0 view .LVU35
 136 0046 4FF48062 		mov	r2, #1024
 137 004a 0492     		str	r2, [sp, #16]
 153:Core/Src/main.c **** 
 138              		.loc 1 153 3 is_stmt 1 view .LVU36
 153:Core/Src/main.c **** 
 139              		.loc 1 153 36 is_stmt 0 view .LVU37
 140 004c 0593     		str	r3, [sp, #20]
 155:Core/Src/main.c ****   {
 141              		.loc 1 155 3 is_stmt 1 view .LVU38
 155:Core/Src/main.c ****   {
 142              		.loc 1 155 7 is_stmt 0 view .LVU39
 143 004e 0121     		movs	r1, #1
 144 0050 01A8     		add	r0, sp, #4
 145 0052 FFF7FEFF 		bl	HAL_RCC_ClockConfig
 146              	.LVL2:
 155:Core/Src/main.c ****   {
 147              		.loc 1 155 6 view .LVU40
 148 0056 20B9     		cbnz	r0, .L8
 159:Core/Src/main.c **** 
 149              		.loc 1 159 1 view .LVU41
 150 0058 11B0     		add	sp, sp, #68
 151              	.LCFI2:
 152              		.cfi_remember_state
 153              		.cfi_def_cfa_offset 4
 154              		@ sp needed
 155 005a 5DF804FB 		ldr	pc, [sp], #4
 156              	.L7:
 157              	.LCFI3:
 158              		.cfi_restore_state
 144:Core/Src/main.c ****   }
 159              		.loc 1 144 5 is_stmt 1 view .LVU42
 160 005e FFF7FEFF 		bl	Error_Handler
 161              	.LVL3:
ARM GAS  C:\Users\lenovo\AppData\Local\Temp\ccLenjcH.s 			page 10


 162              	.L8:
 157:Core/Src/main.c ****   }
 163              		.loc 1 157 5 view .LVU43
 164 0062 FFF7FEFF 		bl	Error_Handler
 165              	.LVL4:
 166              		.cfi_endproc
 167              	.LFE66:
 169              		.section	.rodata.main.str1.4,"aMS",%progbits,1
 170              		.align	2
 171              	.LC0:
 172 0000 776F726F 		.ascii	"worong wrpng\015\012\000"
 172      6E672077 
 172      72706E67 
 172      0D0A00
 173 000f 00       		.align	2
 174              	.LC1:
 175 0010 4E524632 		.ascii	"NRF24L01  working\015\012\000"
 175      344C3031 
 175      2020776F 
 175      726B696E 
 175      670D0A00 
 176              		.align	2
 177              	.LC2:
 178 0024 72656365 		.ascii	"receiveing:\015\012\000"
 178      69766569 
 178      6E673A0D 
 178      0A00
 179 0032 0000     		.align	2
 180              	.LC3:
 181 0034 4E524632 		.ascii	"NRF24L01\346\227\240\347\272\277\346\250\241\345\235"
 181      344C3031 
 181      E697A0E7 
 181      BABFE6A8 
 181      A1E59D
 182 0047 97E695B0 		.ascii	"\227\346\225\260\346\215\256\346\216\245\346\224\266"
 182      E68DAEE6 
 182      8EA5E694 
 182      B6
 183 0054 E68890E5 		.ascii	"\346\210\220\345\212\237\357\274\232%s\015\012\000"
 183      8A9FEFBC 
 183      9A25730D 
 183      0A00
 184              		.section	.text.main,"ax",%progbits
 185              		.align	1
 186              		.global	main
 187              		.syntax unified
 188              		.thumb
 189              		.thumb_func
 190              		.fpu softvfp
 192              	main:
 193              	.LFB65:
  67:Core/Src/main.c ****   /* USER CODE BEGIN 1 */
 194              		.loc 1 67 1 view -0
 195              		.cfi_startproc
 196              		@ Volatile: function does not return.
 197              		@ args = 0, pretend = 0, frame = 32
 198              		@ frame_needed = 0, uses_anonymous_args = 0
ARM GAS  C:\Users\lenovo\AppData\Local\Temp\ccLenjcH.s 			page 11


 199 0000 00B5     		push	{lr}
 200              	.LCFI4:
 201              		.cfi_def_cfa_offset 4
 202              		.cfi_offset 14, -4
 203 0002 89B0     		sub	sp, sp, #36
 204              	.LCFI5:
 205              		.cfi_def_cfa_offset 40
  75:Core/Src/main.c **** 
 206              		.loc 1 75 3 view .LVU45
 207 0004 FFF7FEFF 		bl	HAL_Init
 208              	.LVL5:
  82:Core/Src/main.c **** 
 209              		.loc 1 82 3 view .LVU46
 210 0008 FFF7FEFF 		bl	SystemClock_Config
 211              	.LVL6:
  89:Core/Src/main.c ****   MX_SPI1_Init();
 212              		.loc 1 89 3 view .LVU47
 213 000c FFF7FEFF 		bl	MX_GPIO_Init
 214              	.LVL7:
  90:Core/Src/main.c ****   MX_USART1_UART_Init();
 215              		.loc 1 90 3 view .LVU48
 216 0010 FFF7FEFF 		bl	MX_SPI1_Init
 217              	.LVL8:
  91:Core/Src/main.c ****   /* USER CODE BEGIN 2 */
 218              		.loc 1 91 3 view .LVU49
 219 0014 FFF7FEFF 		bl	MX_USART1_UART_Init
 220              	.LVL9:
  96:Core/Src/main.c **** 	{
 221              		.loc 1 96 3 view .LVU50
 222              	.LBB6:
  96:Core/Src/main.c **** 	{
 223              		.loc 1 96 8 is_stmt 0 view .LVU51
 224 0018 06E0     		b	.L10
 225              	.L11:
  98:Core/Src/main.c ****  		HAL_Delay(1000);
 226              		.loc 1 98 3 is_stmt 1 view .LVU52
 227 001a 1748     		ldr	r0, .L16
 228 001c FFF7FEFF 		bl	u1_printf
 229              	.LVL10:
  99:Core/Src/main.c **** 	}
 230              		.loc 1 99 4 view .LVU53
 231 0020 4FF47A70 		mov	r0, #1000
 232 0024 FFF7FEFF 		bl	HAL_Delay
 233              	.LVL11:
 234              	.L10:
  96:Core/Src/main.c **** 	{
 235              		.loc 1 96 8 view .LVU54
  96:Core/Src/main.c **** 	{
 236              		.loc 1 96 9 is_stmt 0 view .LVU55
 237 0028 FFF7FEFF 		bl	NRF24L01_Check
 238              	.LVL12:
  96:Core/Src/main.c **** 	{
 239              		.loc 1 96 8 view .LVU56
 240 002c 0028     		cmp	r0, #0
 241 002e F4D1     		bne	.L11
 242              	.LBE6:
 102:Core/Src/main.c **** 	u1_printf("NRF24L01  working\r\n");
ARM GAS  C:\Users\lenovo\AppData\Local\Temp\ccLenjcH.s 			page 12


 243              		.loc 1 102 3 is_stmt 1 view .LVU57
 244 0030 FFF7FEFF 		bl	NRF24L01_RX_Mode
 245              	.LVL13:
 103:Core/Src/main.c **** 	
 246              		.loc 1 103 2 view .LVU58
 247 0034 1148     		ldr	r0, .L16+4
 248 0036 FFF7FEFF 		bl	u1_printf
 249              	.LVL14:
 106:Core/Src/main.c ****   char Receive[32]={0};
 250              		.loc 1 106 5 view .LVU59
 251 003a 1148     		ldr	r0, .L16+8
 252 003c FFF7FEFF 		bl	u1_printf
 253              	.LVL15:
 107:Core/Src/main.c ****  while (1)
 254              		.loc 1 107 3 view .LVU60
 107:Core/Src/main.c ****  while (1)
 255              		.loc 1 107 8 is_stmt 0 view .LVU61
 256 0040 0023     		movs	r3, #0
 257 0042 0093     		str	r3, [sp]
 258 0044 0193     		str	r3, [sp, #4]
 259 0046 0293     		str	r3, [sp, #8]
 260 0048 0393     		str	r3, [sp, #12]
 261 004a 0493     		str	r3, [sp, #16]
 262 004c 0593     		str	r3, [sp, #20]
 263 004e 0693     		str	r3, [sp, #24]
 264 0050 0793     		str	r3, [sp, #28]
 265 0052 0AE0     		b	.L13
 266              	.L15:
 267              	.LBB7:
 113:Core/Src/main.c ****      u1_printf("NRF24L01无线模块数据接收成功：%s\r\n",Receive);
 268              		.loc 1 113 7 is_stmt 1 view .LVU62
 113:Core/Src/main.c ****      u1_printf("NRF24L01无线模块数据接收成功：%s\r\n",Receive);
 269              		.loc 1 113 18 is_stmt 0 view .LVU63
 270 0054 0023     		movs	r3, #0
 271 0056 8DF82030 		strb	r3, [sp, #32]
 114:Core/Src/main.c ****     }
 272              		.loc 1 114 6 is_stmt 1 view .LVU64
 273 005a 6946     		mov	r1, sp
 274 005c 0948     		ldr	r0, .L16+12
 275 005e FFF7FEFF 		bl	u1_printf
 276              	.LVL16:
 277              	.L12:
 278              	.LBE7:
 116:Core/Src/main.c **** 
 279              		.loc 1 116 5 view .LVU65
 280 0062 4FF47A70 		mov	r0, #1000
 281 0066 FFF7FEFF 		bl	HAL_Delay
 282              	.LVL17:
 108:Core/Src/main.c ****   {
 283              		.loc 1 108 8 view .LVU66
 284              	.L13:
 108:Core/Src/main.c ****   {
 285              		.loc 1 108 2 view .LVU67
 111:Core/Src/main.c ****     {
 286              		.loc 1 111 3 view .LVU68
 287              	.LBB8:
 111:Core/Src/main.c ****     {
ARM GAS  C:\Users\lenovo\AppData\Local\Temp\ccLenjcH.s 			page 13


 288              		.loc 1 111 6 is_stmt 0 view .LVU69
 289 006a 6846     		mov	r0, sp
 290 006c FFF7FEFF 		bl	NRF24L01_RxPacket
 291              	.LVL18:
 111:Core/Src/main.c ****     {
 292              		.loc 1 111 5 view .LVU70
 293 0070 0028     		cmp	r0, #0
 294 0072 EFD0     		beq	.L15
 295 0074 F5E7     		b	.L12
 296              	.L17:
 297 0076 00BF     		.align	2
 298              	.L16:
 299 0078 00000000 		.word	.LC0
 300 007c 10000000 		.word	.LC1
 301 0080 24000000 		.word	.LC2
 302 0084 34000000 		.word	.LC3
 303              	.LBE8:
 304              		.cfi_endproc
 305              	.LFE65:
 307              		.text
 308              	.Letext0:
 309              		.file 3 "c:\\program files (x86)\\gnu arm embedded toolchain\\10 2021.07\\arm-none-eabi\\include\\
 310              		.file 4 "c:\\program files (x86)\\gnu arm embedded toolchain\\10 2021.07\\arm-none-eabi\\include\\
 311              		.file 5 "Drivers/STM32F1xx_HAL_Driver/Inc/stm32f1xx_hal_rcc.h"
 312              		.file 6 "Drivers/STM32F1xx_HAL_Driver/Inc/stm32f1xx_hal_rcc_ex.h"
 313              		.file 7 "Core/Inc/usart.h"
 314              		.file 8 "Drivers/STM32F1xx_HAL_Driver/Inc/stm32f1xx_hal.h"
 315              		.file 9 "Core/Inc/gpio.h"
 316              		.file 10 "Core/Inc/spi.h"
 317              		.file 11 "Drivers/STM32F1xx_HAL_Driver/Inc/stm32f1xx_hal_def.h"
 318              		.file 12 "<built-in>"
ARM GAS  C:\Users\lenovo\AppData\Local\Temp\ccLenjcH.s 			page 14


DEFINED SYMBOLS
                            *ABS*:00000000 main.c
C:\Users\lenovo\AppData\Local\Temp\ccLenjcH.s:16     .text.Error_Handler:00000000 $t
C:\Users\lenovo\AppData\Local\Temp\ccLenjcH.s:24     .text.Error_Handler:00000000 Error_Handler
C:\Users\lenovo\AppData\Local\Temp\ccLenjcH.s:57     .text.SystemClock_Config:00000000 $t
C:\Users\lenovo\AppData\Local\Temp\ccLenjcH.s:64     .text.SystemClock_Config:00000000 SystemClock_Config
C:\Users\lenovo\AppData\Local\Temp\ccLenjcH.s:170    .rodata.main.str1.4:00000000 $d
C:\Users\lenovo\AppData\Local\Temp\ccLenjcH.s:185    .text.main:00000000 $t
C:\Users\lenovo\AppData\Local\Temp\ccLenjcH.s:192    .text.main:00000000 main
C:\Users\lenovo\AppData\Local\Temp\ccLenjcH.s:299    .text.main:00000078 $d

UNDEFINED SYMBOLS
memset
HAL_RCC_OscConfig
HAL_RCC_ClockConfig
HAL_Init
MX_GPIO_Init
MX_SPI1_Init
MX_USART1_UART_Init
u1_printf
HAL_Delay
NRF24L01_Check
NRF24L01_RX_Mode
NRF24L01_RxPacket
